<?xml version="1.0" encoding="UTF-8"?>
<!-- Generated by org.testng.reporters.JUnitReportReporter -->
<testsuite hostname="LAPTOP-A213EPC7" failures="0" tests="2" name="com.Actitime.testscripts.createCustomer1" time="0.005" errors="0" timestamp="2022-11-26T10:01:58 IST" skipped="0">
  <testcase classname="com.Actitime.testscripts.createCustomer1" name="addCustomer" time="0.005"/>
  <system-out>
    <![CDATA[added customer]]>
  </system-out>
  <testcase classname="com.Actitime.testscripts.createCustomer1" name="editCustomer" time="0.000"/>
  <system-out>
    <![CDATA[edited customer]]>
  </system-out>
</testsuite> <!-- com.Actitime.testscripts.createCustomer1 -->
