<?xml version="1.0" encoding="UTF-8"?>
<!-- Generated by org.testng.reporters.JUnitReportReporter -->
<testsuite hostname="LAPTOP-A213EPC7" failures="0" tests="1" name="com.Actitime.testscripts.Screenshot" time="4.600" errors="0" timestamp="2022-11-25T09:22:20 IST" skipped="0">
  <testcase classname="com.Actitime.testscripts.Screenshot" name="getScreenshot" time="4.600"/>
  <system-out/>
</testsuite> <!-- com.Actitime.testscripts.Screenshot -->
