<?xml version="1.0" encoding="UTF-8"?>
<!-- Generated by org.testng.reporters.JUnitReportReporter -->
<testsuite hostname="LAPTOP-A213EPC7" failures="0" tests="2" name="com.Actitime.testscripts.kalyan" time="0.002" errors="0" timestamp="2022-11-26T10:01:58 IST" skipped="0">
  <testcase classname="com.Actitime.testscripts.kalyan" name="ganeshGhat" time="0.001"/>
  <system-out>
    <![CDATA[not visited]]>
  </system-out>
  <testcase classname="com.Actitime.testscripts.kalyan" name="editCustomer" time="0.001"/>
  <system-out>
    <![CDATA[edited customer]]>
  </system-out>
</testsuite> <!-- com.Actitime.testscripts.kalyan -->
